2024-12-02 09:51:55,873 [trainer.py] => config: .\exps\aper_bn\fewshot_cifar224_resnet18_bn.json
2024-12-02 09:51:55,873 [trainer.py] => prefix: exp
2024-12-02 09:51:55,874 [trainer.py] => dataset: fewshot_cifar224
2024-12-02 09:51:55,874 [trainer.py] => memory_size: 2000
2024-12-02 09:51:55,874 [trainer.py] => memory_per_class: 20
2024-12-02 09:51:55,875 [trainer.py] => fixed_memory: False
2024-12-02 09:51:55,875 [trainer.py] => shuffle: True
2024-12-02 09:51:55,876 [trainer.py] => init_cls: 5
2024-12-02 09:51:55,876 [trainer.py] => increment: 5
2024-12-02 09:51:55,876 [trainer.py] => model_name: aper_bn
2024-12-02 09:51:55,876 [trainer.py] => convnet_type: pretrained_resnet18
2024-12-02 09:51:55,876 [trainer.py] => device: [device(type='cuda', index=0)]
2024-12-02 09:51:55,876 [trainer.py] => seed: 1993
2024-12-02 09:51:55,876 [trainer.py] => tuned_epoch: 10
2024-12-02 09:51:55,876 [trainer.py] => init_lr: 0.01
2024-12-02 09:51:55,876 [trainer.py] => batch_size: 192
2024-12-02 09:51:57,511 [data_manager.py] => [68, 56, 78, 8, 23, 84, 90, 65, 74, 76, 40, 89, 3, 92, 55, 9, 26, 80, 43, 38, 58, 70, 77, 1, 85, 19, 17, 50, 28, 53, 13, 81, 45, 82, 6, 59, 83, 16, 15, 44, 91, 41, 72, 60, 79, 52, 20, 10, 31, 54, 37, 95, 14, 71, 96, 98, 97, 2, 64, 66, 42, 22, 35, 86, 24, 34, 87, 21, 99, 0, 88, 27, 18, 94, 11, 12, 47, 25, 30, 46, 62, 69, 36, 61, 7, 63, 75, 5, 32, 4, 51, 48, 73, 93, 39, 67, 29, 49, 57, 33]
2024-12-02 09:52:03,136 [trainer.py] => All params: 11176512
2024-12-02 09:52:03,136 [trainer.py] => Trainable params: 11176512
2024-12-02 09:52:03,138 [aper_bn.py] => Learning on 0-5
2024-12-02 09:57:24,281 [trainer.py] => config: .\exps\aper_bn\fewshot_cifar224_resnet18_bn.json
2024-12-02 09:57:24,281 [trainer.py] => prefix: exp
2024-12-02 09:57:24,281 [trainer.py] => dataset: fewshot_cifar224
2024-12-02 09:57:24,281 [trainer.py] => memory_size: 2000
2024-12-02 09:57:24,281 [trainer.py] => memory_per_class: 20
2024-12-02 09:57:24,281 [trainer.py] => fixed_memory: False
2024-12-02 09:57:24,281 [trainer.py] => shuffle: True
2024-12-02 09:57:24,281 [trainer.py] => init_cls: 5
2024-12-02 09:57:24,281 [trainer.py] => increment: 5
2024-12-02 09:57:24,281 [trainer.py] => model_name: aper_bn
2024-12-02 09:57:24,281 [trainer.py] => convnet_type: pretrained_resnet18
2024-12-02 09:57:24,281 [trainer.py] => device: [device(type='cuda', index=0)]
2024-12-02 09:57:24,281 [trainer.py] => seed: 1993
2024-12-02 09:57:24,281 [trainer.py] => tuned_epoch: 10
2024-12-02 09:57:24,281 [trainer.py] => init_lr: 0.01
2024-12-02 09:57:24,281 [trainer.py] => batch_size: 192
2024-12-02 09:57:28,094 [trainer.py] => All params: 11176512
2024-12-02 09:57:28,094 [trainer.py] => Trainable params: 11176512
2024-12-02 09:57:28,094 [aper_bn.py] => Learning on 0-5
2024-12-02 09:58:57,471 [trainer.py] => config: .\exps\aper_bn\fewshot_cifar224_resnet18_bn.json
2024-12-02 09:58:57,471 [trainer.py] => prefix: exp
2024-12-02 09:58:57,471 [trainer.py] => dataset: fewshot_cifar224
2024-12-02 09:58:57,471 [trainer.py] => memory_size: 2000
2024-12-02 09:58:57,471 [trainer.py] => memory_per_class: 20
2024-12-02 09:58:57,471 [trainer.py] => fixed_memory: False
2024-12-02 09:58:57,471 [trainer.py] => shuffle: True
2024-12-02 09:58:57,471 [trainer.py] => init_cls: 5
2024-12-02 09:58:57,471 [trainer.py] => increment: 5
2024-12-02 09:58:57,471 [trainer.py] => model_name: aper_bn
2024-12-02 09:58:57,471 [trainer.py] => convnet_type: pretrained_resnet18
2024-12-02 09:58:57,471 [trainer.py] => device: [device(type='cuda', index=0)]
2024-12-02 09:58:57,471 [trainer.py] => seed: 1993
2024-12-02 09:58:57,471 [trainer.py] => tuned_epoch: 10
2024-12-02 09:58:57,471 [trainer.py] => init_lr: 0.01
2024-12-02 09:58:57,471 [trainer.py] => batch_size: 192
2024-12-02 09:58:58,848 [data_manager.py] => [68, 56, 78, 8, 23, 84, 90, 65, 74, 76, 40, 89, 3, 92, 55, 9, 26, 80, 43, 38, 58, 70, 77, 1, 85, 19, 17, 50, 28, 53, 13, 81, 45, 82, 6, 59, 83, 16, 15, 44, 91, 41, 72, 60, 79, 52, 20, 10, 31, 54, 37, 95, 14, 71, 96, 98, 97, 2, 64, 66, 42, 22, 35, 86, 24, 34, 87, 21, 99, 0, 88, 27, 18, 94, 11, 12, 47, 25, 30, 46, 62, 69, 36, 61, 7, 63, 75, 5, 32, 4, 51, 48, 73, 93, 39, 67, 29, 49, 57, 33]
2024-12-02 09:58:58,848 [data_manager.py] => (2000, 32, 32, 3)
2024-12-02 09:58:58,848 [data_manager.py] => (2000,)
2024-12-02 09:59:01,239 [trainer.py] => All params: 11176512
2024-12-02 09:59:01,239 [trainer.py] => Trainable params: 11176512
2024-12-02 09:59:01,239 [aper_bn.py] => Learning on 0-5
2024-12-02 10:11:18,709 [trainer.py] => config: .\exps\aper_bn\fewshot_cifar224_resnet18_bn.json
2024-12-02 10:11:18,710 [trainer.py] => prefix: exp
2024-12-02 10:11:18,710 [trainer.py] => dataset: fewshot_cifar224
2024-12-02 10:11:18,710 [trainer.py] => memory_size: 2000
2024-12-02 10:11:18,710 [trainer.py] => memory_per_class: 20
2024-12-02 10:11:18,711 [trainer.py] => fixed_memory: False
2024-12-02 10:11:18,711 [trainer.py] => shuffle: True
2024-12-02 10:11:18,712 [trainer.py] => init_cls: 5
2024-12-02 10:11:18,712 [trainer.py] => increment: 5
2024-12-02 10:11:18,712 [trainer.py] => model_name: aper_bn
2024-12-02 10:11:18,712 [trainer.py] => convnet_type: pretrained_resnet18
2024-12-02 10:11:18,713 [trainer.py] => device: [device(type='cuda', index=0)]
2024-12-02 10:11:18,713 [trainer.py] => seed: 1993
2024-12-02 10:11:18,713 [trainer.py] => tuned_epoch: 10
2024-12-02 10:11:18,713 [trainer.py] => init_lr: 0.01
2024-12-02 10:11:18,713 [trainer.py] => batch_size: 192
2024-12-02 10:11:20,060 [data_manager.py] => [68, 56, 78, 8, 23, 84, 90, 65, 74, 76, 40, 89, 3, 92, 55, 9, 26, 80, 43, 38, 58, 70, 77, 1, 85, 19, 17, 50, 28, 53, 13, 81, 45, 82, 6, 59, 83, 16, 15, 44, 91, 41, 72, 60, 79, 52, 20, 10, 31, 54, 37, 95, 14, 71, 96, 98, 97, 2, 64, 66, 42, 22, 35, 86, 24, 34, 87, 21, 99, 0, 88, 27, 18, 94, 11, 12, 47, 25, 30, 46, 62, 69, 36, 61, 7, 63, 75, 5, 32, 4, 51, 48, 73, 93, 39, 67, 29, 49, 57, 33]
2024-12-02 10:11:20,060 [data_manager.py] => (2000, 32, 32, 3)
2024-12-02 10:11:20,060 [data_manager.py] => (2000,)
2024-12-02 10:11:22,427 [trainer.py] => All params: 11176512
2024-12-02 10:11:22,427 [trainer.py] => Trainable params: 11176512
2024-12-02 10:11:22,427 [aper_bn.py] => Learning on 0-5
2024-12-02 10:20:42,906 [aper_bn.py] => Task 0, Epoch 10/40 => Loss 0.000, Train_accy 0.00, Test_accy 0.00
2024-12-02 10:23:03,689 [trainer.py] => No NME accuracy.
2024-12-02 10:23:03,689 [trainer.py] => CNN: {'total': np.float64(66.0), '00-09': np.float64(66.0), 'old': 0, 'new': np.float64(66.0)}
2024-12-02 10:23:03,689 [trainer.py] => CNN top1 curve: [np.float64(66.0)]
2024-12-02 10:23:03,689 [trainer.py] => CNN top5 curve: [np.float64(100.0)]

2024-12-02 10:23:03,689 [trainer.py] => Average Accuracy (CNN): 66.0
2024-12-02 10:23:03,689 [trainer.py] => All params: 22358145
2024-12-02 10:23:03,689 [trainer.py] => Trainable params: 22358145
2024-12-02 10:23:03,689 [aper_bn.py] => Learning on 5-10
2024-12-02 10:25:48,667 [trainer.py] => config: .\exps\aper_bn\fewshot_cifar224_resnet18_bn.json
2024-12-02 10:25:48,667 [trainer.py] => prefix: exp
2024-12-02 10:25:48,667 [trainer.py] => dataset: fewshot_cifar224
2024-12-02 10:25:48,667 [trainer.py] => memory_size: 2000
2024-12-02 10:25:48,667 [trainer.py] => memory_per_class: 20
2024-12-02 10:25:48,667 [trainer.py] => fixed_memory: False
2024-12-02 10:25:48,667 [trainer.py] => shuffle: True
2024-12-02 10:25:48,667 [trainer.py] => init_cls: 5
2024-12-02 10:25:48,667 [trainer.py] => increment: 5
2024-12-02 10:25:48,667 [trainer.py] => model_name: aper_bn
2024-12-02 10:25:48,667 [trainer.py] => convnet_type: pretrained_resnet18
2024-12-02 10:25:48,667 [trainer.py] => device: [device(type='cuda', index=0)]
2024-12-02 10:25:48,667 [trainer.py] => seed: 1993
2024-12-02 10:25:48,667 [trainer.py] => tuned_epoch: 3
2024-12-02 10:25:48,667 [trainer.py] => init_lr: 0.01
2024-12-02 10:25:48,667 [trainer.py] => batch_size: 192
2024-12-02 10:25:50,165 [data_manager.py] => [68, 56, 78, 8, 23, 84, 90, 65, 74, 76, 40, 89, 3, 92, 55, 9, 26, 80, 43, 38, 58, 70, 77, 1, 85, 19, 17, 50, 28, 53, 13, 81, 45, 82, 6, 59, 83, 16, 15, 44, 91, 41, 72, 60, 79, 52, 20, 10, 31, 54, 37, 95, 14, 71, 96, 98, 97, 2, 64, 66, 42, 22, 35, 86, 24, 34, 87, 21, 99, 0, 88, 27, 18, 94, 11, 12, 47, 25, 30, 46, 62, 69, 36, 61, 7, 63, 75, 5, 32, 4, 51, 48, 73, 93, 39, 67, 29, 49, 57, 33]
2024-12-02 10:25:50,167 [data_manager.py] => (25000, 32, 32, 3)
2024-12-02 10:25:50,167 [data_manager.py] => (25000,)
2024-12-02 10:25:52,675 [trainer.py] => All params: 11176512
2024-12-02 10:25:52,677 [trainer.py] => Trainable params: 11176512
2024-12-02 10:25:52,677 [aper_bn.py] => Learning on 0-5
2024-12-02 10:30:04,630 [aper_bn.py] => Task 0, Epoch 3/40 => Loss 0.000, Train_accy 0.00, Test_accy 0.00
2024-12-02 10:33:11,808 [trainer.py] => No NME accuracy.
2024-12-02 10:33:11,808 [trainer.py] => CNN: {'total': np.float64(90.6), '00-09': np.float64(90.6), 'old': 0, 'new': np.float64(90.6)}
2024-12-02 10:33:11,808 [trainer.py] => CNN top1 curve: [np.float64(90.6)]
2024-12-02 10:33:11,808 [trainer.py] => CNN top5 curve: [np.float64(100.0)]

2024-12-02 10:33:11,808 [trainer.py] => Average Accuracy (CNN): 90.6
2024-12-02 10:33:11,808 [trainer.py] => All params: 22358145
2024-12-02 10:33:11,824 [trainer.py] => Trainable params: 22358145
2024-12-02 10:33:11,824 [aper_bn.py] => Learning on 5-10
2024-12-02 10:37:01,379 [trainer.py] => No NME accuracy.
2024-12-02 10:37:01,395 [trainer.py] => CNN: {'total': np.float64(78.7), '00-09': np.float64(78.7), 'old': np.float64(81.2), 'new': np.float64(76.2)}
2024-12-02 10:37:01,395 [trainer.py] => CNN top1 curve: [np.float64(90.6), np.float64(78.7)]
2024-12-02 10:37:01,395 [trainer.py] => CNN top5 curve: [np.float64(100.0), np.float64(97.4)]

2024-12-02 10:37:01,395 [trainer.py] => Average Accuracy (CNN): 84.65
2024-12-02 10:37:01,395 [trainer.py] => All params: 22363265
2024-12-02 10:37:01,395 [trainer.py] => Trainable params: 22363265
2024-12-02 10:37:01,395 [aper_bn.py] => Learning on 10-15
2024-12-02 10:41:30,448 [trainer.py] => No NME accuracy.
2024-12-02 10:41:30,449 [trainer.py] => CNN: {'total': np.float64(70.8), '00-09': np.float64(72.0), '10-19': np.float64(68.4), 'old': np.float64(72.0), 'new': np.float64(68.4)}
2024-12-02 10:41:30,449 [trainer.py] => CNN top1 curve: [np.float64(90.6), np.float64(78.7), np.float64(70.8)]
2024-12-02 10:41:30,449 [trainer.py] => CNN top5 curve: [np.float64(100.0), np.float64(97.4), np.float64(94.87)]

2024-12-02 10:41:30,450 [trainer.py] => Average Accuracy (CNN): 80.03333333333335
2024-12-02 10:41:30,450 [trainer.py] => All params: 22368385
2024-12-02 10:41:30,451 [trainer.py] => Trainable params: 22368385
2024-12-02 10:41:30,484 [aper_bn.py] => Learning on 15-20
2024-12-02 10:46:29,774 [trainer.py] => No NME accuracy.
2024-12-02 10:46:29,774 [trainer.py] => CNN: {'total': np.float64(64.3), '00-09': np.float64(68.3), '10-19': np.float64(60.3), 'old': np.float64(66.73), 'new': np.float64(57.0)}
2024-12-02 10:46:29,775 [trainer.py] => CNN top1 curve: [np.float64(90.6), np.float64(78.7), np.float64(70.8), np.float64(64.3)]
2024-12-02 10:46:29,775 [trainer.py] => CNN top5 curve: [np.float64(100.0), np.float64(97.4), np.float64(94.87), np.float64(90.95)]

2024-12-02 10:46:29,776 [trainer.py] => Average Accuracy (CNN): 76.10000000000001
2024-12-02 10:46:29,776 [trainer.py] => All params: 22373505
2024-12-02 10:46:29,777 [trainer.py] => Trainable params: 22373505
2024-12-02 10:46:29,814 [aper_bn.py] => Learning on 20-25
2024-12-02 10:51:59,480 [trainer.py] => No NME accuracy.
2024-12-02 10:51:59,481 [trainer.py] => CNN: {'total': np.float64(62.24), '00-09': np.float64(66.6), '10-19': np.float64(55.5), '20-29': np.float64(67.0), 'old': np.float64(61.05), 'new': np.float64(67.0)}
2024-12-02 10:51:59,481 [trainer.py] => CNN top1 curve: [np.float64(90.6), np.float64(78.7), np.float64(70.8), np.float64(64.3), np.float64(62.24)]
2024-12-02 10:51:59,482 [trainer.py] => CNN top5 curve: [np.float64(100.0), np.float64(97.4), np.float64(94.87), np.float64(90.95), np.float64(89.72)]

2024-12-02 10:51:59,482 [trainer.py] => Average Accuracy (CNN): 73.328
2024-12-02 10:51:59,483 [trainer.py] => All params: 22378625
2024-12-02 10:51:59,484 [trainer.py] => Trainable params: 22378625
2024-12-02 10:51:59,532 [aper_bn.py] => Learning on 25-30
2024-12-02 10:57:43,913 [trainer.py] => No NME accuracy.
2024-12-02 10:57:43,913 [trainer.py] => CNN: {'total': np.float64(60.63), '00-09': np.float64(64.9), '10-19': np.float64(53.2), '20-29': np.float64(63.8), 'old': np.float64(60.4), 'new': np.float64(61.8)}
2024-12-02 10:57:43,914 [trainer.py] => CNN top1 curve: [np.float64(90.6), np.float64(78.7), np.float64(70.8), np.float64(64.3), np.float64(62.24), np.float64(60.63)]
2024-12-02 10:57:43,914 [trainer.py] => CNN top5 curve: [np.float64(100.0), np.float64(97.4), np.float64(94.87), np.float64(90.95), np.float64(89.72), np.float64(87.93)]

2024-12-02 10:57:43,914 [trainer.py] => Average Accuracy (CNN): 71.21166666666667
2024-12-02 10:57:43,915 [trainer.py] => All params: 22383745
2024-12-02 10:57:43,916 [trainer.py] => Trainable params: 22383745
2024-12-02 10:57:43,917 [aper_bn.py] => Learning on 30-35
2024-12-02 11:04:03,615 [trainer.py] => No NME accuracy.
2024-12-02 11:04:03,616 [trainer.py] => CNN: {'total': np.float64(57.14), '00-09': np.float64(62.3), '10-19': np.float64(49.9), '20-29': np.float64(61.7), '30-39': np.float64(52.2), 'old': np.float64(57.97), 'new': np.float64(52.2)}
2024-12-02 11:04:03,616 [trainer.py] => CNN top1 curve: [np.float64(90.6), np.float64(78.7), np.float64(70.8), np.float64(64.3), np.float64(62.24), np.float64(60.63), np.float64(57.14)]
2024-12-02 11:04:03,616 [trainer.py] => CNN top5 curve: [np.float64(100.0), np.float64(97.4), np.float64(94.87), np.float64(90.95), np.float64(89.72), np.float64(87.93), np.float64(86.34)]

2024-12-02 11:04:03,617 [trainer.py] => Average Accuracy (CNN): 69.20142857142858
2024-12-02 11:04:03,617 [trainer.py] => All params: 22388865
2024-12-02 11:04:03,618 [trainer.py] => Trainable params: 22388865
2024-12-02 11:04:03,619 [aper_bn.py] => Learning on 35-40
2024-12-02 11:10:35,380 [trainer.py] => No NME accuracy.
2024-12-02 11:10:35,381 [trainer.py] => CNN: {'total': np.float64(54.82), '00-09': np.float64(59.5), '10-19': np.float64(48.2), '20-29': np.float64(60.4), '30-39': np.float64(51.2), 'old': np.float64(55.23), 'new': np.float64(52.0)}
2024-12-02 11:10:35,381 [trainer.py] => CNN top1 curve: [np.float64(90.6), np.float64(78.7), np.float64(70.8), np.float64(64.3), np.float64(62.24), np.float64(60.63), np.float64(57.14), np.float64(54.82)]
2024-12-02 11:10:35,381 [trainer.py] => CNN top5 curve: [np.float64(100.0), np.float64(97.4), np.float64(94.87), np.float64(90.95), np.float64(89.72), np.float64(87.93), np.float64(86.34), np.float64(84.98)]

2024-12-02 11:10:35,382 [trainer.py] => Average Accuracy (CNN): 67.40375
2024-12-02 11:10:35,382 [trainer.py] => All params: 22393985
2024-12-02 11:10:35,383 [trainer.py] => Trainable params: 22393985
2024-12-02 11:10:35,385 [aper_bn.py] => Learning on 40-45
2024-12-02 11:17:37,572 [trainer.py] => No NME accuracy.
2024-12-02 11:17:37,572 [trainer.py] => CNN: {'total': np.float64(53.47), '00-09': np.float64(56.9), '10-19': np.float64(46.4), '20-29': np.float64(59.2), '30-39': np.float64(50.6), '40-49': np.float64(55.0), 'old': np.float64(53.28), 'new': np.float64(55.0)}
2024-12-02 11:17:37,573 [trainer.py] => CNN top1 curve: [np.float64(90.6), np.float64(78.7), np.float64(70.8), np.float64(64.3), np.float64(62.24), np.float64(60.63), np.float64(57.14), np.float64(54.82), np.float64(53.47)]
2024-12-02 11:17:37,573 [trainer.py] => CNN top5 curve: [np.float64(100.0), np.float64(97.4), np.float64(94.87), np.float64(90.95), np.float64(89.72), np.float64(87.93), np.float64(86.34), np.float64(84.98), np.float64(83.27)]

2024-12-02 11:17:37,573 [trainer.py] => Average Accuracy (CNN): 65.85555555555555
2024-12-02 11:17:37,574 [trainer.py] => All params: 22399105
2024-12-02 11:17:37,575 [trainer.py] => Trainable params: 22399105
2024-12-02 11:17:37,576 [aper_bn.py] => Learning on 45-50
2024-12-02 11:25:01,994 [trainer.py] => No NME accuracy.
2024-12-02 11:25:01,994 [trainer.py] => CNN: {'total': np.float64(52.92), '00-09': np.float64(55.5), '10-19': np.float64(45.2), '20-29': np.float64(57.4), '30-39': np.float64(46.9), '40-49': np.float64(59.6), 'old': np.float64(51.56), 'new': np.float64(65.2)}
2024-12-02 11:25:01,995 [trainer.py] => CNN top1 curve: [np.float64(90.6), np.float64(78.7), np.float64(70.8), np.float64(64.3), np.float64(62.24), np.float64(60.63), np.float64(57.14), np.float64(54.82), np.float64(53.47), np.float64(52.92)]
2024-12-02 11:25:01,995 [trainer.py] => CNN top5 curve: [np.float64(100.0), np.float64(97.4), np.float64(94.87), np.float64(90.95), np.float64(89.72), np.float64(87.93), np.float64(86.34), np.float64(84.98), np.float64(83.27), np.float64(82.88)]

2024-12-02 11:25:01,996 [trainer.py] => Average Accuracy (CNN): 64.562
2024-12-02 11:25:01,997 [trainer.py] => All params: 22404225
2024-12-02 11:25:01,997 [trainer.py] => Trainable params: 22404225
2024-12-02 11:25:02,058 [aper_bn.py] => Learning on 50-55
2024-12-02 11:33:40,897 [trainer.py] => No NME accuracy.
2024-12-02 11:33:40,898 [trainer.py] => CNN: {'total': np.float64(51.69), '00-09': np.float64(53.5), '10-19': np.float64(44.6), '20-29': np.float64(56.7), '30-39': np.float64(45.4), '40-49': np.float64(56.4), '50-59': np.float64(55.4), 'old': np.float64(51.32), 'new': np.float64(55.4)}
2024-12-02 11:33:40,898 [trainer.py] => CNN top1 curve: [np.float64(90.6), np.float64(78.7), np.float64(70.8), np.float64(64.3), np.float64(62.24), np.float64(60.63), np.float64(57.14), np.float64(54.82), np.float64(53.47), np.float64(52.92), np.float64(51.69)]
2024-12-02 11:33:40,898 [trainer.py] => CNN top5 curve: [np.float64(100.0), np.float64(97.4), np.float64(94.87), np.float64(90.95), np.float64(89.72), np.float64(87.93), np.float64(86.34), np.float64(84.98), np.float64(83.27), np.float64(82.88), np.float64(81.8)]

2024-12-02 11:33:40,899 [trainer.py] => Average Accuracy (CNN): 63.391818181818174
2024-12-02 11:33:40,900 [trainer.py] => All params: 22409345
2024-12-02 11:33:40,900 [trainer.py] => Trainable params: 22409345
2024-12-02 11:33:40,902 [aper_bn.py] => Learning on 55-60
2024-12-02 11:43:02,723 [trainer.py] => No NME accuracy.
2024-12-02 11:43:02,723 [trainer.py] => CNN: {'total': np.float64(50.22), '00-09': np.float64(51.6), '10-19': np.float64(43.0), '20-29': np.float64(56.0), '30-39': np.float64(44.5), '40-49': np.float64(55.1), '50-59': np.float64(51.1), 'old': np.float64(50.49), 'new': np.float64(47.2)}
2024-12-02 11:43:02,724 [trainer.py] => CNN top1 curve: [np.float64(90.6), np.float64(78.7), np.float64(70.8), np.float64(64.3), np.float64(62.24), np.float64(60.63), np.float64(57.14), np.float64(54.82), np.float64(53.47), np.float64(52.92), np.float64(51.69), np.float64(50.22)]
2024-12-02 11:43:02,724 [trainer.py] => CNN top5 curve: [np.float64(100.0), np.float64(97.4), np.float64(94.87), np.float64(90.95), np.float64(89.72), np.float64(87.93), np.float64(86.34), np.float64(84.98), np.float64(83.27), np.float64(82.88), np.float64(81.8), np.float64(80.22)]

2024-12-02 11:43:02,725 [trainer.py] => Average Accuracy (CNN): 62.29416666666666
2024-12-02 11:43:02,725 [trainer.py] => All params: 22414465
2024-12-02 11:43:02,726 [trainer.py] => Trainable params: 22414465
2024-12-02 11:43:02,728 [aper_bn.py] => Learning on 60-65
2024-12-02 11:52:26,926 [trainer.py] => No NME accuracy.
2024-12-02 11:52:26,926 [trainer.py] => CNN: {'total': np.float64(49.34), '00-09': np.float64(50.1), '10-19': np.float64(41.4), '20-29': np.float64(55.2), '30-39': np.float64(42.9), '40-49': np.float64(53.1), '50-59': np.float64(48.4), '60-69': np.float64(59.2), 'old': np.float64(48.52), 'new': np.float64(59.2)}
2024-12-02 11:52:26,927 [trainer.py] => CNN top1 curve: [np.float64(90.6), np.float64(78.7), np.float64(70.8), np.float64(64.3), np.float64(62.24), np.float64(60.63), np.float64(57.14), np.float64(54.82), np.float64(53.47), np.float64(52.92), np.float64(51.69), np.float64(50.22), np.float64(49.34)]
2024-12-02 11:52:26,927 [trainer.py] => CNN top5 curve: [np.float64(100.0), np.float64(97.4), np.float64(94.87), np.float64(90.95), np.float64(89.72), np.float64(87.93), np.float64(86.34), np.float64(84.98), np.float64(83.27), np.float64(82.88), np.float64(81.8), np.float64(80.22), np.float64(79.25)]

2024-12-02 11:52:26,928 [trainer.py] => Average Accuracy (CNN): 61.29769230769231
2024-12-02 11:52:26,928 [trainer.py] => All params: 22419585
2024-12-02 11:52:26,929 [trainer.py] => Trainable params: 22419585
2024-12-02 11:52:26,931 [aper_bn.py] => Learning on 65-70
2024-12-02 12:02:23,317 [trainer.py] => No NME accuracy.
2024-12-02 12:02:23,318 [trainer.py] => CNN: {'total': np.float64(49.66), '00-09': np.float64(48.5), '10-19': np.float64(40.6), '20-29': np.float64(53.9), '30-39': np.float64(42.2), '40-49': np.float64(51.9), '50-59': np.float64(48.0), '60-69': np.float64(62.5), 'old': np.float64(48.34), 'new': np.float64(66.8)}
2024-12-02 12:02:23,318 [trainer.py] => CNN top1 curve: [np.float64(90.6), np.float64(78.7), np.float64(70.8), np.float64(64.3), np.float64(62.24), np.float64(60.63), np.float64(57.14), np.float64(54.82), np.float64(53.47), np.float64(52.92), np.float64(51.69), np.float64(50.22), np.float64(49.34), np.float64(49.66)]
2024-12-02 12:02:23,319 [trainer.py] => CNN top5 curve: [np.float64(100.0), np.float64(97.4), np.float64(94.87), np.float64(90.95), np.float64(89.72), np.float64(87.93), np.float64(86.34), np.float64(84.98), np.float64(83.27), np.float64(82.88), np.float64(81.8), np.float64(80.22), np.float64(79.25), np.float64(78.91)]

2024-12-02 12:02:23,319 [trainer.py] => Average Accuracy (CNN): 60.46642857142857
2024-12-02 12:02:23,320 [trainer.py] => All params: 22424705
2024-12-02 12:02:23,321 [trainer.py] => Trainable params: 22424705
2024-12-02 12:02:23,323 [aper_bn.py] => Learning on 70-75
2024-12-02 12:13:00,532 [trainer.py] => No NME accuracy.
2024-12-02 12:13:00,533 [trainer.py] => CNN: {'total': np.float64(48.72), '00-09': np.float64(47.3), '10-19': np.float64(38.9), '20-29': np.float64(53.6), '30-39': np.float64(41.5), '40-49': np.float64(51.2), '50-59': np.float64(46.6), '60-69': np.float64(61.4), '70-79': np.float64(49.8), 'old': np.float64(48.64), 'new': np.float64(49.8)}
2024-12-02 12:13:00,533 [trainer.py] => CNN top1 curve: [np.float64(90.6), np.float64(78.7), np.float64(70.8), np.float64(64.3), np.float64(62.24), np.float64(60.63), np.float64(57.14), np.float64(54.82), np.float64(53.47), np.float64(52.92), np.float64(51.69), np.float64(50.22), np.float64(49.34), np.float64(49.66), np.float64(48.72)]
2024-12-02 12:13:00,534 [trainer.py] => CNN top5 curve: [np.float64(100.0), np.float64(97.4), np.float64(94.87), np.float64(90.95), np.float64(89.72), np.float64(87.93), np.float64(86.34), np.float64(84.98), np.float64(83.27), np.float64(82.88), np.float64(81.8), np.float64(80.22), np.float64(79.25), np.float64(78.91), np.float64(77.97)]

2024-12-02 12:13:00,534 [trainer.py] => Average Accuracy (CNN): 59.68333333333333
2024-12-02 12:13:00,535 [trainer.py] => All params: 22429825
2024-12-02 12:13:00,536 [trainer.py] => Trainable params: 22429825
2024-12-02 12:13:00,538 [aper_bn.py] => Learning on 75-80
2024-12-02 12:24:31,693 [trainer.py] => No NME accuracy.
2024-12-02 12:24:31,694 [trainer.py] => CNN: {'total': np.float64(47.56), '00-09': np.float64(46.2), '10-19': np.float64(38.4), '20-29': np.float64(52.7), '30-39': np.float64(41.1), '40-49': np.float64(50.4), '50-59': np.float64(43.8), '60-69': np.float64(60.8), '70-79': np.float64(47.1), 'old': np.float64(47.67), 'new': np.float64(46.0)}
2024-12-02 12:24:31,695 [trainer.py] => CNN top1 curve: [np.float64(90.6), np.float64(78.7), np.float64(70.8), np.float64(64.3), np.float64(62.24), np.float64(60.63), np.float64(57.14), np.float64(54.82), np.float64(53.47), np.float64(52.92), np.float64(51.69), np.float64(50.22), np.float64(49.34), np.float64(49.66), np.float64(48.72), np.float64(47.56)]
2024-12-02 12:24:31,695 [trainer.py] => CNN top5 curve: [np.float64(100.0), np.float64(97.4), np.float64(94.87), np.float64(90.95), np.float64(89.72), np.float64(87.93), np.float64(86.34), np.float64(84.98), np.float64(83.27), np.float64(82.88), np.float64(81.8), np.float64(80.22), np.float64(79.25), np.float64(78.91), np.float64(77.97), np.float64(76.96)]

2024-12-02 12:24:31,696 [trainer.py] => Average Accuracy (CNN): 58.925625
2024-12-02 12:24:31,696 [trainer.py] => All params: 22434945
2024-12-02 12:24:31,697 [trainer.py] => Trainable params: 22434945
2024-12-02 12:24:31,700 [aper_bn.py] => Learning on 80-85
2024-12-02 12:35:49,122 [trainer.py] => No NME accuracy.
2024-12-02 12:35:49,122 [trainer.py] => CNN: {'total': np.float64(46.95), '00-09': np.float64(45.6), '10-19': np.float64(37.3), '20-29': np.float64(51.6), '30-39': np.float64(40.7), '40-49': np.float64(48.7), '50-59': np.float64(43.0), '60-69': np.float64(59.9), '70-79': np.float64(46.9), '80-89': np.float64(50.8), 'old': np.float64(46.71), 'new': np.float64(50.8)}
2024-12-02 12:35:49,124 [trainer.py] => CNN top1 curve: [np.float64(90.6), np.float64(78.7), np.float64(70.8), np.float64(64.3), np.float64(62.24), np.float64(60.63), np.float64(57.14), np.float64(54.82), np.float64(53.47), np.float64(52.92), np.float64(51.69), np.float64(50.22), np.float64(49.34), np.float64(49.66), np.float64(48.72), np.float64(47.56), np.float64(46.95)]
2024-12-02 12:35:49,124 [trainer.py] => CNN top5 curve: [np.float64(100.0), np.float64(97.4), np.float64(94.87), np.float64(90.95), np.float64(89.72), np.float64(87.93), np.float64(86.34), np.float64(84.98), np.float64(83.27), np.float64(82.88), np.float64(81.8), np.float64(80.22), np.float64(79.25), np.float64(78.91), np.float64(77.97), np.float64(76.96), np.float64(76.74)]

2024-12-02 12:35:49,125 [trainer.py] => Average Accuracy (CNN): 58.22117647058823
2024-12-02 12:35:49,125 [trainer.py] => All params: 22440065
2024-12-02 12:35:49,126 [trainer.py] => Trainable params: 22440065
2024-12-02 12:35:49,128 [aper_bn.py] => Learning on 85-90
2024-12-02 14:20:23,201 [trainer.py] => No NME accuracy.
2024-12-02 14:20:23,201 [trainer.py] => CNN: {'total': np.float64(45.58), '00-09': np.float64(44.7), '10-19': np.float64(36.7), '20-29': np.float64(50.7), '30-39': np.float64(40.7), '40-49': np.float64(48.2), '50-59': np.float64(42.4), '60-69': np.float64(59.7), '70-79': np.float64(45.8), '80-89': np.float64(41.3), 'old': np.float64(46.38), 'new': np.float64(32.0)}
2024-12-02 14:20:23,201 [trainer.py] => CNN top1 curve: [np.float64(90.6), np.float64(78.7), np.float64(70.8), np.float64(64.3), np.float64(62.24), np.float64(60.63), np.float64(57.14), np.float64(54.82), np.float64(53.47), np.float64(52.92), np.float64(51.69), np.float64(50.22), np.float64(49.34), np.float64(49.66), np.float64(48.72), np.float64(47.56), np.float64(46.95), np.float64(45.58)]
2024-12-02 14:20:23,201 [trainer.py] => CNN top5 curve: [np.float64(100.0), np.float64(97.4), np.float64(94.87), np.float64(90.95), np.float64(89.72), np.float64(87.93), np.float64(86.34), np.float64(84.98), np.float64(83.27), np.float64(82.88), np.float64(81.8), np.float64(80.22), np.float64(79.25), np.float64(78.91), np.float64(77.97), np.float64(76.96), np.float64(76.74), np.float64(75.31)]

2024-12-02 14:20:23,201 [trainer.py] => Average Accuracy (CNN): 57.51888888888888
2024-12-02 14:20:23,201 [trainer.py] => All params: 22445185
2024-12-02 14:20:23,201 [trainer.py] => Trainable params: 22445185
2024-12-02 14:20:23,201 [aper_bn.py] => Learning on 90-95
2024-12-02 14:32:36,755 [trainer.py] => No NME accuracy.
2024-12-02 14:32:36,755 [trainer.py] => CNN: {'total': np.float64(45.08), '00-09': np.float64(43.7), '10-19': np.float64(36.4), '20-29': np.float64(49.9), '30-39': np.float64(40.5), '40-49': np.float64(47.8), '50-59': np.float64(41.5), '60-69': np.float64(59.4), '70-79': np.float64(44.3), '80-89': np.float64(41.1), '90-99': np.float64(47.4), 'old': np.float64(44.96), 'new': np.float64(47.4)}
2024-12-02 14:32:36,755 [trainer.py] => CNN top1 curve: [np.float64(90.6), np.float64(78.7), np.float64(70.8), np.float64(64.3), np.float64(62.24), np.float64(60.63), np.float64(57.14), np.float64(54.82), np.float64(53.47), np.float64(52.92), np.float64(51.69), np.float64(50.22), np.float64(49.34), np.float64(49.66), np.float64(48.72), np.float64(47.56), np.float64(46.95), np.float64(45.58), np.float64(45.08)]
2024-12-02 14:32:36,755 [trainer.py] => CNN top5 curve: [np.float64(100.0), np.float64(97.4), np.float64(94.87), np.float64(90.95), np.float64(89.72), np.float64(87.93), np.float64(86.34), np.float64(84.98), np.float64(83.27), np.float64(82.88), np.float64(81.8), np.float64(80.22), np.float64(79.25), np.float64(78.91), np.float64(77.97), np.float64(76.96), np.float64(76.74), np.float64(75.31), np.float64(74.6)]

2024-12-02 14:32:36,755 [trainer.py] => Average Accuracy (CNN): 56.86421052631578
2024-12-02 14:32:36,755 [trainer.py] => All params: 22450305
2024-12-02 14:32:36,755 [trainer.py] => Trainable params: 22450305
2024-12-02 14:32:36,755 [aper_bn.py] => Learning on 95-100
2024-12-02 14:45:01,751 [trainer.py] => No NME accuracy.
2024-12-02 14:45:01,751 [trainer.py] => CNN: {'total': np.float64(44.2), '00-09': np.float64(42.7), '10-19': np.float64(35.8), '20-29': np.float64(49.5), '30-39': np.float64(39.9), '40-49': np.float64(47.1), '50-59': np.float64(39.8), '60-69': np.float64(59.1), '70-79': np.float64(44.0), '80-89': np.float64(40.9), '90-99': np.float64(43.2), 'old': np.float64(44.41), 'new': np.float64(40.2)}
2024-12-02 14:45:01,751 [trainer.py] => CNN top1 curve: [np.float64(90.6), np.float64(78.7), np.float64(70.8), np.float64(64.3), np.float64(62.24), np.float64(60.63), np.float64(57.14), np.float64(54.82), np.float64(53.47), np.float64(52.92), np.float64(51.69), np.float64(50.22), np.float64(49.34), np.float64(49.66), np.float64(48.72), np.float64(47.56), np.float64(46.95), np.float64(45.58), np.float64(45.08), np.float64(44.2)]
2024-12-02 14:45:01,751 [trainer.py] => CNN top5 curve: [np.float64(100.0), np.float64(97.4), np.float64(94.87), np.float64(90.95), np.float64(89.72), np.float64(87.93), np.float64(86.34), np.float64(84.98), np.float64(83.27), np.float64(82.88), np.float64(81.8), np.float64(80.22), np.float64(79.25), np.float64(78.91), np.float64(77.97), np.float64(76.96), np.float64(76.74), np.float64(75.31), np.float64(74.6), np.float64(73.85)]

2024-12-02 14:45:01,751 [trainer.py] => Average Accuracy (CNN): 56.230999999999995
