2024-12-03 11:47:01,392 [trainer.py] => config: .\exps\aper_bn\fruit_quality_resnet18.json
2024-12-03 11:47:01,393 [trainer.py] => prefix: exp
2024-12-03 11:47:01,393 [trainer.py] => dataset: fruit-quality
2024-12-03 11:47:01,394 [trainer.py] => shuffle: True
2024-12-03 11:47:01,394 [trainer.py] => init_cls: 2
2024-12-03 11:47:01,394 [trainer.py] => increment: 2
2024-12-03 11:47:01,395 [trainer.py] => model_name: aper_bn
2024-12-03 11:47:01,395 [trainer.py] => convnet_type: pretrained_resnet18
2024-12-03 11:47:01,395 [trainer.py] => device: [device(type='cpu')]
2024-12-03 11:47:01,396 [trainer.py] => seed: 1993
2024-12-03 11:47:01,396 [trainer.py] => tuned_epoch: 10
2024-12-03 11:47:01,397 [trainer.py] => init_lr: 0.01
2024-12-03 11:47:01,397 [trainer.py] => batch_size: 192
2024-12-03 14:53:07,254 [trainer.py] => config: .\exps\aper_bn\fruit_quality_resnet18.json
2024-12-03 14:53:07,254 [trainer.py] => prefix: exp
2024-12-03 14:53:07,254 [trainer.py] => dataset: fruit-quality
2024-12-03 14:53:07,254 [trainer.py] => shuffle: True
2024-12-03 14:53:07,254 [trainer.py] => init_cls: 2
2024-12-03 14:53:07,254 [trainer.py] => increment: 2
2024-12-03 14:53:07,254 [trainer.py] => model_name: aper_bn
2024-12-03 14:53:07,254 [trainer.py] => convnet_type: pretrained_resnet18
2024-12-03 14:53:07,254 [trainer.py] => device: [device(type='cpu')]
2024-12-03 14:53:07,254 [trainer.py] => seed: 1993
2024-12-03 14:53:07,254 [trainer.py] => tuned_epoch: 10
2024-12-03 14:53:07,254 [trainer.py] => init_lr: 0.01
2024-12-03 14:53:07,254 [trainer.py] => batch_size: 192
2024-12-03 14:53:08,324 [data_manager.py] => [26, 19, 24, 2, 8, 13, 10, 6, 15, 18, 14, 21, 12, 23, 11, 5, 0, 20, 4, 22, 9, 7, 16, 3, 27, 17, 25, 1]
2024-12-03 14:53:08,873 [trainer.py] => All params: 11176512
2024-12-03 14:53:08,873 [trainer.py] => Trainable params: 11176512
2024-12-03 14:53:08,875 [aper_bn.py] => Learning on 0-2
2024-12-03 15:02:02,086 [trainer.py] => config: .\exps\aper_bn\fruit_quality_resnet18.json
2024-12-03 15:02:02,086 [trainer.py] => prefix: exp
2024-12-03 15:02:02,086 [trainer.py] => dataset: fruit-quality
2024-12-03 15:02:02,101 [trainer.py] => shuffle: True
2024-12-03 15:02:02,101 [trainer.py] => init_cls: 2
2024-12-03 15:02:02,101 [trainer.py] => increment: 2
2024-12-03 15:02:02,101 [trainer.py] => model_name: aper_bn
2024-12-03 15:02:02,101 [trainer.py] => convnet_type: pretrained_resnet18
2024-12-03 15:02:02,101 [trainer.py] => device: [device(type='cpu')]
2024-12-03 15:02:02,101 [trainer.py] => seed: 1993
2024-12-03 15:02:02,101 [trainer.py] => tuned_epoch: 10
2024-12-03 15:02:02,101 [trainer.py] => init_lr: 0.01
2024-12-03 15:02:02,101 [trainer.py] => batch_size: 192
2024-12-03 15:02:02,771 [data_manager.py] => [26, 19, 24, 2, 8, 13, 10, 6, 15, 18, 14, 21, 12, 23, 11, 5, 0, 20, 4, 22, 9, 7, 16, 3, 27, 17, 25, 1]
2024-12-03 15:02:03,225 [trainer.py] => All params: 11176512
2024-12-03 15:02:03,225 [trainer.py] => Trainable params: 11176512
2024-12-03 15:02:03,225 [aper_bn.py] => Learning on 0-2
2024-12-03 15:07:29,264 [trainer.py] => config: .\exps\aper_bn\fruit_quality_resnet18.json
2024-12-03 15:07:29,264 [trainer.py] => prefix: exp
2024-12-03 15:07:29,264 [trainer.py] => dataset: fruit-quality
2024-12-03 15:07:29,264 [trainer.py] => shuffle: True
2024-12-03 15:07:29,264 [trainer.py] => init_cls: 2
2024-12-03 15:07:29,264 [trainer.py] => increment: 2
2024-12-03 15:07:29,264 [trainer.py] => model_name: aper_bn
2024-12-03 15:07:29,264 [trainer.py] => convnet_type: pretrained_resnet18
2024-12-03 15:07:29,264 [trainer.py] => device: [device(type='cpu')]
2024-12-03 15:07:29,264 [trainer.py] => seed: 1993
2024-12-03 15:07:29,264 [trainer.py] => tuned_epoch: 10
2024-12-03 15:07:29,264 [trainer.py] => init_lr: 0.01
2024-12-03 15:07:29,264 [trainer.py] => batch_size: 192
2024-12-03 15:07:31,040 [data_manager.py] => [26, 19, 24, 2, 8, 13, 10, 6, 15, 18, 14, 21, 12, 23, 11, 5, 0, 20, 4, 22, 9, 7, 16, 3, 27, 17, 25, 1]
2024-12-03 15:07:31,635 [trainer.py] => All params: 11176512
2024-12-03 15:07:31,637 [trainer.py] => Trainable params: 11176512
2024-12-03 15:07:31,637 [aper_bn.py] => Learning on 0-2
2024-12-03 15:27:27,297 [trainer.py] => config: .\exps\aper_bn\fruit_quality_resnet18.json
2024-12-03 15:27:27,298 [trainer.py] => prefix: exp
2024-12-03 15:27:27,298 [trainer.py] => dataset: fruit-quality
2024-12-03 15:27:27,299 [trainer.py] => shuffle: True
2024-12-03 15:27:27,299 [trainer.py] => init_cls: 2
2024-12-03 15:27:27,299 [trainer.py] => increment: 2
2024-12-03 15:27:27,300 [trainer.py] => model_name: aper_bn
2024-12-03 15:27:27,300 [trainer.py] => convnet_type: pretrained_resnet18
2024-12-03 15:27:27,300 [trainer.py] => device: [device(type='cpu')]
2024-12-03 15:27:27,300 [trainer.py] => seed: 1993
2024-12-03 15:27:27,301 [trainer.py] => tuned_epoch: 10
2024-12-03 15:27:27,301 [trainer.py] => init_lr: 0.01
2024-12-03 15:27:27,301 [trainer.py] => batch_size: 192
2024-12-03 15:27:28,081 [data_manager.py] => [26, 19, 24, 2, 8, 13, 10, 6, 15, 18, 14, 21, 12, 23, 11, 5, 0, 20, 4, 22, 9, 7, 16, 3, 27, 17, 25, 1]
2024-12-03 15:27:28,654 [trainer.py] => All params: 11176512
2024-12-03 15:27:28,654 [trainer.py] => Trainable params: 11176512
2024-12-03 15:27:28,654 [aper_bn.py] => Learning on 0-2
2024-12-03 15:33:30,760 [trainer.py] => config: .\exps\aper_bn\fruit_quality_resnet18.json
2024-12-03 15:33:30,760 [trainer.py] => prefix: exp
2024-12-03 15:33:30,760 [trainer.py] => dataset: fruit-quality
2024-12-03 15:33:30,760 [trainer.py] => shuffle: True
2024-12-03 15:33:30,760 [trainer.py] => init_cls: 2
2024-12-03 15:33:30,760 [trainer.py] => increment: 2
2024-12-03 15:33:30,760 [trainer.py] => model_name: aper_bn
2024-12-03 15:33:30,760 [trainer.py] => convnet_type: pretrained_resnet18
2024-12-03 15:33:30,760 [trainer.py] => device: [device(type='cpu')]
2024-12-03 15:33:30,760 [trainer.py] => seed: 1993
2024-12-03 15:33:30,760 [trainer.py] => tuned_epoch: 10
2024-12-03 15:33:30,760 [trainer.py] => init_lr: 0.01
2024-12-03 15:33:30,760 [trainer.py] => batch_size: 192
2024-12-03 15:33:31,512 [data_manager.py] => [26, 19, 24, 2, 8, 13, 10, 6, 15, 18, 14, 21, 12, 23, 11, 5, 0, 20, 4, 22, 9, 7, 16, 3, 27, 17, 25, 1]
2024-12-03 15:33:32,163 [trainer.py] => All params: 11176512
2024-12-03 15:33:32,163 [trainer.py] => Trainable params: 11176512
2024-12-03 15:33:32,163 [aper_bn.py] => Learning on 0-2
2024-12-03 15:39:14,890 [trainer.py] => config: .\exps\aper_bn\fruit_quality_resnet18.json
2024-12-03 15:39:14,890 [trainer.py] => prefix: exp
2024-12-03 15:39:14,890 [trainer.py] => dataset: fruit-quality
2024-12-03 15:39:14,890 [trainer.py] => shuffle: True
2024-12-03 15:39:14,890 [trainer.py] => init_cls: 2
2024-12-03 15:39:14,890 [trainer.py] => increment: 2
2024-12-03 15:39:14,890 [trainer.py] => model_name: aper_bn
2024-12-03 15:39:14,890 [trainer.py] => convnet_type: pretrained_resnet18
2024-12-03 15:39:14,890 [trainer.py] => device: [device(type='cpu')]
2024-12-03 15:39:14,890 [trainer.py] => seed: 1993
2024-12-03 15:39:14,890 [trainer.py] => tuned_epoch: 1
2024-12-03 15:39:14,890 [trainer.py] => init_lr: 0.01
2024-12-03 15:39:14,890 [trainer.py] => batch_size: 192
2024-12-03 15:39:16,091 [data_manager.py] => [26, 19, 24, 2, 8, 13, 10, 6, 15, 18, 14, 21, 12, 23, 11, 5, 0, 20, 4, 22, 9, 7, 16, 3, 27, 17, 25, 1]
2024-12-03 15:39:16,618 [trainer.py] => All params: 11176512
2024-12-03 15:39:16,618 [trainer.py] => Trainable params: 11176512
2024-12-03 15:39:16,620 [aper_bn.py] => Learning on 0-2
2024-12-03 15:41:41,871 [aper_bn.py] => Task 0, Epoch 1/40 => Loss 0.000, Train_accy 0.00, Test_accy 0.00
2024-12-04 09:07:28,201 [trainer.py] => config: .\exps\aper_bn\fruit_quality_resnet18.json
2024-12-04 09:07:28,201 [trainer.py] => prefix: exp
2024-12-04 09:07:28,203 [trainer.py] => dataset: fruit-quality
2024-12-04 09:07:28,203 [trainer.py] => shuffle: True
2024-12-04 09:07:28,203 [trainer.py] => init_cls: 2
2024-12-04 09:07:28,204 [trainer.py] => increment: 2
2024-12-04 09:07:28,205 [trainer.py] => model_name: aper_bn
2024-12-04 09:07:28,206 [trainer.py] => convnet_type: pretrained_resnet18
2024-12-04 09:07:28,206 [trainer.py] => device: [device(type='cpu')]
2024-12-04 09:07:28,206 [trainer.py] => seed: 1993
2024-12-04 09:07:28,207 [trainer.py] => tuned_epoch: 1
2024-12-04 09:07:28,207 [trainer.py] => init_lr: 0.01
2024-12-04 09:07:28,208 [trainer.py] => batch_size: 192
2024-12-04 09:07:29,504 [data_manager.py] => [26, 19, 24, 2, 8, 13, 10, 6, 15, 18, 14, 21, 12, 23, 11, 5, 0, 20, 4, 22, 9, 7, 16, 3, 27, 17, 25, 1]
2024-12-04 09:07:30,053 [trainer.py] => All params: 11176512
2024-12-04 09:07:30,053 [trainer.py] => Trainable params: 11176512
2024-12-04 09:07:30,053 [aper_bn.py] => Learning on 0-2
2024-12-04 09:09:58,706 [aper_bn.py] => Task 0, Epoch 1/40 => Loss 0.000, Train_accy 0.00, Test_accy 0.00
2024-12-04 09:17:51,233 [trainer.py] => CNN: {'total': np.float64(98.6), '00-09': np.float64(98.6), 'old': 0, 'new': np.float64(98.6)}
2024-12-04 09:19:27,507 [trainer.py] => config: .\exps\aper_bn\fruit_quality_resnet18.json
2024-12-04 09:19:27,507 [trainer.py] => prefix: exp
2024-12-04 09:19:27,507 [trainer.py] => dataset: fruit-quality
2024-12-04 09:19:27,507 [trainer.py] => shuffle: True
2024-12-04 09:19:27,507 [trainer.py] => init_cls: 2
2024-12-04 09:19:27,507 [trainer.py] => increment: 2
2024-12-04 09:19:27,507 [trainer.py] => model_name: aper_bn
2024-12-04 09:19:27,507 [trainer.py] => convnet_type: pretrained_resnet18
2024-12-04 09:19:27,507 [trainer.py] => device: [device(type='cpu')]
2024-12-04 09:19:27,507 [trainer.py] => seed: 1993
2024-12-04 09:19:27,507 [trainer.py] => tuned_epoch: 1
2024-12-04 09:19:27,507 [trainer.py] => init_lr: 0.01
2024-12-04 09:19:27,507 [trainer.py] => batch_size: 192
2024-12-04 09:19:29,339 [data_manager.py] => [26, 19, 24, 2, 8, 13, 10, 6, 15, 18, 14, 21, 12, 23, 11, 5, 0, 20, 4, 22, 9, 7, 16, 3, 27, 17, 25, 1]
2024-12-04 09:19:29,808 [trainer.py] => All params: 11176512
2024-12-04 09:19:29,808 [trainer.py] => Trainable params: 11176512
2024-12-04 09:19:29,808 [aper_bn.py] => Learning on 0-2
2024-12-04 09:21:58,785 [aper_bn.py] => Task 0, Epoch 1/40 => Loss 0.000, Train_accy 0.00, Test_accy 0.00
2024-12-04 09:29:30,586 [trainer.py] => CNN: {'total': np.float64(98.6), '00-09': np.float64(98.6), 'old': 0, 'new': np.float64(98.6)}
2024-12-04 09:29:30,586 [trainer.py] => CNN top1 curve: [np.float64(98.6)]
2024-12-04 09:29:30,586 [trainer.py] => Average Accuracy (CNN): 98.6
2024-12-04 09:29:30,586 [trainer.py] => All params: 22355073
2024-12-04 09:29:30,586 [trainer.py] => Trainable params: 22355073
2024-12-04 09:29:30,586 [aper_bn.py] => Learning on 2-4
2024-12-04 09:41:22,171 [trainer.py] => CNN: {'total': np.float64(98.11), '00-09': np.float64(98.11), 'old': np.float64(96.59), 'new': np.float64(99.28)}
2024-12-04 09:41:22,172 [trainer.py] => CNN top1 curve: [np.float64(98.6), np.float64(98.11)]
2024-12-04 09:41:22,172 [trainer.py] => Average Accuracy (CNN): 98.35499999999999
2024-12-04 09:41:22,173 [trainer.py] => All params: 22357121
2024-12-04 09:41:22,173 [trainer.py] => Trainable params: 22357121
2024-12-04 09:41:22,175 [aper_bn.py] => Learning on 4-6
2024-12-04 09:51:08,845 [trainer.py] => CNN: {'total': np.float64(96.04), '00-09': np.float64(96.04), 'old': np.float64(95.68), 'new': np.float64(98.89)}
2024-12-04 09:51:08,846 [trainer.py] => CNN top1 curve: [np.float64(98.6), np.float64(98.11), np.float64(96.04)]
2024-12-04 09:51:08,846 [trainer.py] => Average Accuracy (CNN): 97.58333333333333
2024-12-04 09:51:08,847 [trainer.py] => All params: 22359169
2024-12-04 09:51:08,847 [trainer.py] => Trainable params: 22359169
2024-12-04 09:51:08,849 [aper_bn.py] => Learning on 6-8
2024-12-04 10:02:24,458 [trainer.py] => CNN: {'total': np.float64(95.23), '00-09': np.float64(95.23), 'old': np.float64(95.57), 'new': np.float64(92.2)}
2024-12-04 10:02:24,460 [trainer.py] => CNN top1 curve: [np.float64(98.6), np.float64(98.11), np.float64(96.04), np.float64(95.23)]
2024-12-04 10:02:24,460 [trainer.py] => Average Accuracy (CNN): 96.995
2024-12-04 10:02:24,460 [trainer.py] => All params: 22361217
2024-12-04 10:02:24,460 [trainer.py] => Trainable params: 22361217
2024-12-04 10:02:24,460 [aper_bn.py] => Learning on 8-10
2024-12-04 10:17:33,371 [trainer.py] => CNN: {'total': np.float64(89.73), '00-09': np.float64(89.73), 'old': np.float64(92.33), 'new': np.float64(80.57)}
2024-12-04 10:17:33,385 [trainer.py] => CNN top1 curve: [np.float64(98.6), np.float64(98.11), np.float64(96.04), np.float64(95.23), np.float64(89.73)]
2024-12-04 10:17:33,386 [trainer.py] => Average Accuracy (CNN): 95.542
2024-12-04 10:17:33,388 [trainer.py] => All params: 22363265
2024-12-04 10:17:33,389 [trainer.py] => Trainable params: 22363265
2024-12-04 10:17:33,429 [aper_bn.py] => Learning on 10-12
2024-12-04 10:31:43,414 [trainer.py] => CNN: {'total': np.float64(89.61), '00-09': np.float64(89.27), '10-19': np.float64(98.5), 'old': np.float64(89.27), 'new': np.float64(98.5)}
2024-12-04 10:31:43,414 [trainer.py] => CNN top1 curve: [np.float64(98.6), np.float64(98.11), np.float64(96.04), np.float64(95.23), np.float64(89.73), np.float64(89.61)]
2024-12-04 10:31:43,414 [trainer.py] => Average Accuracy (CNN): 94.55333333333334
2024-12-04 10:31:43,414 [trainer.py] => All params: 22365313
2024-12-04 10:31:43,414 [trainer.py] => Trainable params: 22365313
2024-12-04 10:31:43,414 [aper_bn.py] => Learning on 12-14
2024-12-04 10:46:17,780 [trainer.py] => CNN: {'total': np.float64(89.37), '00-09': np.float64(88.63), '10-19': np.float64(95.86), 'old': np.float64(89.0), 'new': np.float64(94.52)}
2024-12-04 10:46:17,780 [trainer.py] => CNN top1 curve: [np.float64(98.6), np.float64(98.11), np.float64(96.04), np.float64(95.23), np.float64(89.73), np.float64(89.61), np.float64(89.37)]
2024-12-04 10:46:17,780 [trainer.py] => Average Accuracy (CNN): 93.81285714285715
2024-12-04 10:46:17,789 [trainer.py] => All params: 22367361
2024-12-04 10:46:17,790 [trainer.py] => Trainable params: 22367361
2024-12-04 10:46:17,852 [aper_bn.py] => Learning on 14-16
2024-12-04 11:02:10,526 [trainer.py] => CNN: {'total': np.float64(88.53), '00-09': np.float64(87.65), '10-19': np.float64(93.12), 'old': np.float64(88.35), 'new': np.float64(91.15)}
2024-12-04 11:02:10,530 [trainer.py] => CNN top1 curve: [np.float64(98.6), np.float64(98.11), np.float64(96.04), np.float64(95.23), np.float64(89.73), np.float64(89.61), np.float64(89.37), np.float64(88.53)]
2024-12-04 11:02:10,531 [trainer.py] => Average Accuracy (CNN): 93.1525
2024-12-04 11:02:10,533 [trainer.py] => All params: 22369409
2024-12-04 11:02:10,535 [trainer.py] => Trainable params: 22369409
2024-12-04 11:02:10,541 [aper_bn.py] => Learning on 16-18
2024-12-04 11:26:37,339 [trainer.py] => CNN: {'total': np.float64(85.81), '00-09': np.float64(87.04), '10-19': np.float64(83.07), 'old': np.float64(87.93), 'new': np.float64(75.97)}
2024-12-04 11:26:37,341 [trainer.py] => CNN top1 curve: [np.float64(98.6), np.float64(98.11), np.float64(96.04), np.float64(95.23), np.float64(89.73), np.float64(89.61), np.float64(89.37), np.float64(88.53), np.float64(85.81)]
2024-12-04 11:26:37,342 [trainer.py] => Average Accuracy (CNN): 92.33666666666666
2024-12-04 11:26:37,344 [trainer.py] => All params: 22371457
2024-12-04 11:26:37,344 [trainer.py] => Trainable params: 22371457
2024-12-04 11:26:37,361 [aper_bn.py] => Learning on 18-20
2024-12-04 11:46:44,973 [trainer.py] => CNN: {'total': np.float64(84.4), '00-09': np.float64(86.25), '10-19': np.float64(81.15), 'old': np.float64(84.66), 'new': np.float64(81.24)}
2024-12-04 11:46:44,975 [trainer.py] => CNN top1 curve: [np.float64(98.6), np.float64(98.11), np.float64(96.04), np.float64(95.23), np.float64(89.73), np.float64(89.61), np.float64(89.37), np.float64(88.53), np.float64(85.81), np.float64(84.4)]
2024-12-04 11:46:44,975 [trainer.py] => Average Accuracy (CNN): 91.54299999999999
2024-12-04 11:46:44,976 [trainer.py] => All params: 22373505
2024-12-04 11:46:44,977 [trainer.py] => Trainable params: 22373505
2024-12-04 11:46:44,980 [aper_bn.py] => Learning on 20-22
2024-12-04 12:03:01,049 [trainer.py] => config: .\exps\aper_bn\fruit_quality_resnet18.json
2024-12-04 12:03:01,050 [trainer.py] => prefix: exp
2024-12-04 12:03:01,050 [trainer.py] => dataset: fruit-quality
2024-12-04 12:03:01,050 [trainer.py] => shuffle: True
2024-12-04 12:03:01,051 [trainer.py] => init_cls: 2
2024-12-04 12:03:01,051 [trainer.py] => increment: 2
2024-12-04 12:03:01,051 [trainer.py] => model_name: aper_bn
2024-12-04 12:03:01,051 [trainer.py] => convnet_type: pretrained_resnet18
2024-12-04 12:03:01,053 [trainer.py] => device: [device(type='cpu')]
2024-12-04 12:03:01,053 [trainer.py] => seed: 1993
2024-12-04 12:03:01,053 [trainer.py] => tuned_epoch: 1
2024-12-04 12:03:01,053 [trainer.py] => init_lr: 0.01
2024-12-04 12:03:01,053 [trainer.py] => batch_size: 192
2024-12-04 12:03:02,538 [data_manager.py] => [26, 19, 24, 2, 8, 13, 10, 6, 15, 18, 14, 21, 12, 23, 11, 5, 0, 20, 4, 22, 9, 7, 16, 3, 27, 17, 25, 1]
2024-12-04 12:03:03,074 [trainer.py] => All params: 11176512
2024-12-04 12:03:03,075 [trainer.py] => Trainable params: 11176512
2024-12-04 12:03:03,076 [aper_bn.py] => Learning on 0-2
